Wed Oct 25 2023 9:5:58 [Nazmul-Success] info: Server listening on port 5000
Wed Oct 25 2023 9:5:59 [Nazmul-Success] info: MongoDB Successfully Connected with express-api-starter
Wed Oct 25 2023 9:6:40 [Nazmul-Success] info: Server listening on port 5000
Wed Oct 25 2023 9:6:40 [Nazmul-Success] info: MongoDB Successfully Connected with express-api-starter
Wed Oct 25 2023 9:7:28 [Nazmul-Success] info: Server listening on port 5000
Wed Oct 25 2023 9:7:28 [Nazmul-Success] info: MongoDB Successfully Connected with express-api-starter
Wed Oct 25 2023 9:8:15 [Nazmul-Success] info: Server listening on port 5000
Wed Oct 25 2023 9:8:15 [Nazmul-Success] info: MongoDB Successfully Connected with express-api-starter
Wed Oct 25 2023 9:8:25 [Nazmul-Success] info: Server listening on port 5000
Wed Oct 25 2023 9:8:25 [Nazmul-Success] info: MongoDB Successfully Connected with express-api-starter
Wed Oct 25 2023 9:8:52 [Nazmul-Success] info: Server listening on port 5000
Wed Oct 25 2023 9:8:52 [Nazmul-Success] info: MongoDB Successfully Connected with express-api-starter
Wed Oct 25 2023 9:9:18 [Nazmul-Success] info: Server listening on port 5000
Wed Oct 25 2023 9:9:18 [Nazmul-Success] info: MongoDB Successfully Connected with express-api-starter
Wed Oct 25 2023 9:9:27 [Nazmul-Success] info: Server listening on port 5000
Wed Oct 25 2023 9:9:27 [Nazmul-Success] info: MongoDB Successfully Connected with express-api-starter
Wed Oct 25 2023 9:9:42 [Nazmul-Success] info: express-api-v1 listening on port 5000
Wed Oct 25 2023 9:9:42 [Nazmul-Success] info: MongoDB Successfully Connected with express-api-starter
Wed Oct 25 2023 9:11:22 [Nazmul-Success] info: express-api-v1 listening on port 5000
Wed Oct 25 2023 9:11:22 [Nazmul-Success] info: MongoDB Successfully Connected with express-api-starter
Wed Oct 25 2023 9:11:59 [Nazmul-Success] info: express-api-v1 listening on port 5000
Wed Oct 25 2023 9:11:59 [Nazmul-Success] info: MongoDB Successfully Connected with express-api-starter
Wed Oct 25 2023 9:12:24 [Nazmul-Success] info: Server listening on port 5000
Wed Oct 25 2023 9:12:24 [Nazmul-Success] info: MongoDB Successfully Connected with express-api-starter
Wed Oct 25 2023 9:12:45 [Nazmul-Success] info: Server listening on port 5000
Wed Oct 25 2023 9:12:45 [Nazmul-Success] info: MongoDB Successfully Connected with express-api-starter
Wed Oct 25 2023 9:12:49 [Nazmul-Success] info: Server listening on port 5000
Wed Oct 25 2023 9:12:49 [Nazmul-Success] info: MongoDB Successfully Connected with express-api-starter
Wed Oct 25 2023 9:13:23 [express-api-v1-Success] info: Server listening on port 5000
Wed Oct 25 2023 9:13:23 [express-api-v1-Success] info: MongoDB Successfully Connected with express-api-starter
Wed Oct 25 2023 9:13:48 [express-api-v1-Success] info: Server listening on port 5000
Wed Oct 25 2023 9:13:48 [express-api-v1-Success] info: MongoDB Successfully Connected with express-api-starter
Wed Oct 25 2023 9:13:50 [express-api-v1-success] info: Server listening on port 5000
Wed Oct 25 2023 9:13:51 [express-api-v1-success] info: MongoDB Successfully Connected with express-api-starter
